<?xml version="1.0" encoding="UTF-8"?>
<testsuite xmlns:xsi="http://www.w3.org/2001/XMLSchema-instance" xsi:noNamespaceSchemaLocation="https://maven.apache.org/surefire/maven-surefire-plugin/xsd/surefire-test-report-3.0.xsd" version="3.0" name="com.example.library.LibraryFunctionalTest" time="0.078" tests="1" errors="0" skipped="0" failures="0">
  <properties>
[...]
</properties>
  <testcase name="testFullScenario" classname="com.example.library.LibraryFunctionalTest" time="0.054">
    <system-out><![CDATA[Livres restants dans la bibliotheque :
Dune by Frank Herbert (1965)
]]></system-out>
  </testcase>
</testsuite>